<?xml version="1.0" encoding="UTF-8"?>
<!-- Generated by org.testng.reporters.JUnitXMLReporter -->
<testsuite ignored="0" hostname="LAPTOP-PPJCUGB1" failures="0" tests="9" name="Test" time="59.163" errors="0" timestamp="2025-08-26T18:03:19 IST">
  <testcase classname="Question.Q9_ScreenShot" name="f" time="1.219"/>
  <testcase classname="Question.Q2_Login" name="f" time="4.665"/>
  <testcase classname="Question.Q8_MultipleWindowsHandle" name="f" time="3.806"/>
  <testcase classname="Question.Q1_GoogleLaunch" name="f" time="1.712"/>
  <testcase classname="Question.Q4_Dropdown" name="f" time="1.022"/>
  <testcase classname="Question.Q3_Amazon" name="f" time="18.892"/>
  <testcase classname="Question.Q6_CheckBox" name="f" time="4.513"/>
  <testcase classname="Question.Q7_TableDataExtract" name="f" time="3.189"/>
  <testcase classname="Question.Q5_Alert" name="f" time="5.388"/>
</testsuite> <!-- Test -->
